# JRE version: 7.0_25-b30
# Java VM: OpenJDK 64-Bit Server VM (23.7-b01 mixed mode linux-amd64 compressed oops)
Heap
 PSYoungGen      total 336192K, used 305590K [0x00000000eb2b0000, 0x00000000fffd0000, 0x0000000100000000)
  eden space 331904K, 91% used [0x00000000eb2b0000,0x00000000fdc8d978,0x00000000ff6d0000)
  from space 4288K, 13% used [0x00000000ff6d0000,0x00000000ff760000,0x00000000ffb00000)
  to   space 4032K, 0% used [0x00000000ffbe0000,0x00000000ffbe0000,0x00000000fffd0000)
 ParOldGen       total 62464K, used 7613K [0x00000000c1800000, 0x00000000c5500000, 0x00000000eb2b0000)
  object space 62464K, 12% used [0x00000000c1800000,0x00000000c1f6f510,0x00000000c5500000)
 PSPermGen       total 41664K, used 31538K [0x00000000b7200000, 0x00000000b9ab0000, 0x00000000c1800000)
  object space 41664K, 75% used [0x00000000b7200000,0x00000000b90cca98,0x00000000b9ab0000)
GC Heap History (10 events):
Event: 51,927 GC heap before
{Heap before GC invocations=34 (full 12):
 PSYoungGen      total 190976K, used 186080K [0x00000000eb2b0000, 0x00000000fdec0000, 0x0000000100000000)
  eden space 185792K, 100% used [0x00000000eb2b0000,0x00000000f6820000,0x00000000f6820000)
  from space 5184K, 5% used [0x00000000f6820000,0x00000000f6868000,0x00000000f6d30000)
  to   space 4992K, 0% used [0x00000000fd9e0000,0x00000000fd9e0000,0x00000000fdec0000)
 ParOldGen       total 62464K, used 7682K [0x00000000c1800000, 0x00000000c5500000, 0x00000000eb2b0000)
  object space 62464K, 12% used [0x00000000c1800000,0x00000000c1f80bd0,0x00000000c5500000)
 PSPermGen       total 43328K, used 31531K [0x00000000b7200000, 0x00000000b9c50000, 0x00000000c1800000)
  object space 43328K, 72% used [0x00000000b7200000,0x00000000b90cafa0,0x00000000b9c50000)
Event: 51,929 GC heap after
Heap after GC invocations=34 (full 12):
 PSYoungGen      total 301888K, used 256K [0x00000000eb2b0000, 0x00000000fde60000, 0x0000000100000000)
  eden space 297280K, 0% used [0x00000000eb2b0000,0x00000000eb2b0000,0x00000000fd500000)
  from space 4608K, 5% used [0x00000000fd9e0000,0x00000000fda20000,0x00000000fde60000)
  to   space 4800K, 0% used [0x00000000fd500000,0x00000000fd500000,0x00000000fd9b0000)
 ParOldGen       total 62464K, used 7690K [0x00000000c1800000, 0x00000000c5500000, 0x00000000eb2b0000)
  object space 62464K, 12% used [0x00000000c1800000,0x00000000c1f82bd0,0x00000000c5500000)
 PSPermGen       total 43328K, used 31531K [0x00000000b7200000, 0x00000000b9c50000, 0x00000000c1800000)
  object space 43328K, 72% used [0x00000000b7200000,0x00000000b90cafa0,0x00000000b9c50000)
}
Event: 53,093 GC heap before
{Heap before GC invocations=35 (full 12):
 PSYoungGen      total 301888K, used 297536K [0x00000000eb2b0000, 0x00000000fde60000, 0x0000000100000000)
  eden space 297280K, 100% used [0x00000000eb2b0000,0x00000000fd500000,0x00000000fd500000)
  from space 4608K, 5% used [0x00000000fd9e0000,0x00000000fda20000,0x00000000fde60000)
  to   space 4800K, 0% used [0x00000000fd500000,0x00000000fd500000,0x00000000fd9b0000)
 ParOldGen       total 62464K, used 7690K [0x00000000c1800000, 0x00000000c5500000, 0x00000000eb2b0000)
  object space 62464K, 12% used [0x00000000c1800000,0x00000000c1f82bd0,0x00000000c5500000)
 PSPermGen       total 43328K, used 31532K [0x00000000b7200000, 0x00000000b9c50000, 0x00000000c1800000)
  object space 43328K, 72% used [0x00000000b7200000,0x00000000b90cb330,0x00000000b9c50000)
Event: 53,102 GC heap after
Heap after GC invocations=35 (full 12):
 PSYoungGen      total 302080K, used 192K [0x00000000eb2b0000, 0x00000000fffd0000, 0x0000000100000000)
  eden space 297280K, 0% used [0x00000000eb2b0000,0x00000000eb2b0000,0x00000000fd500000)
  from space 4800K, 4% used [0x00000000fd500000,0x00000000fd530000,0x00000000fd9b0000)
  to   space 4608K, 0% used [0x00000000ffb50000,0x00000000ffb50000,0x00000000fffd0000)
 ParOldGen       total 62464K, used 7690K [0x00000000c1800000, 0x00000000c5500000, 0x00000000eb2b0000)
  object space 62464K, 12% used [0x00000000c1800000,0x00000000c1f82bd0,0x00000000c5500000)
 PSPermGen       total 43328K, used 31532K [0x00000000b7200000, 0x00000000b9c50000, 0x00000000c1800000)
  object space 43328K, 72% used [0x00000000b7200000,0x00000000b90cb330,0x00000000b9c50000)
}
Event: 54,125 GC heap before
{Heap before GC invocations=36 (full 12):
 PSYoungGen      total 302080K, used 287891K [0x00000000eb2b0000, 0x00000000fffd0000, 0x0000000100000000)
  eden space 297280K, 96% used [0x00000000eb2b0000,0x00000000fcba4ed0,0x00000000fd500000)
  from space 4800K, 4% used [0x00000000fd500000,0x00000000fd530000,0x00000000fd9b0000)
  to   space 4608K, 0% used [0x00000000ffb50000,0x00000000ffb50000,0x00000000fffd0000)
 ParOldGen       total 62464K, used 7690K [0x00000000c1800000, 0x00000000c5500000, 0x00000000eb2b0000)
  object space 62464K, 12% used [0x00000000c1800000,0x00000000c1f82bd0,0x00000000c5500000)
 PSPermGen       total 43328K, used 31534K [0x00000000b7200000, 0x00000000b9c50000, 0x00000000c1800000)
  object space 43328K, 72% used [0x00000000b7200000,0x00000000b90cb840,0x00000000b9c50000)
Event: 54,126 GC heap after
Heap after GC invocations=36 (full 12):
 PSYoungGen      total 335872K, used 672K [0x00000000eb2b0000, 0x00000000fff30000, 0x0000000100000000)
  eden space 331904K, 0% used [0x00000000eb2b0000,0x00000000eb2b0000,0x00000000ff6d0000)
  from space 3968K, 16% used [0x00000000ffb50000,0x00000000ffbf8000,0x00000000fff30000)
  to   space 4288K, 0% used [0x00000000ff6d0000,0x00000000ff6d0000,0x00000000ffb00000)
 ParOldGen       total 62464K, used 7690K [0x00000000c1800000, 0x00000000c5500000, 0x00000000eb2b0000)
  object space 62464K, 12% used [0x00000000c1800000,0x00000000c1f82bd0,0x00000000c5500000)
 PSPermGen       total 43328K, used 31534K [0x00000000b7200000, 0x00000000b9c50000, 0x00000000c1800000)
  object space 43328K, 72% used [0x00000000b7200000,0x00000000b90cb840,0x00000000b9c50000)
}
Event: 54,126 GC heap before
{Heap before GC invocations=37 (full 13):
 PSYoungGen      total 335872K, used 672K [0x00000000eb2b0000, 0x00000000fff30000, 0x0000000100000000)
  eden space 331904K, 0% used [0x00000000eb2b0000,0x00000000eb2b0000,0x00000000ff6d0000)
  from space 3968K, 16% used [0x00000000ffb50000,0x00000000ffbf8000,0x00000000fff30000)
  to   space 4288K, 0% used [0x00000000ff6d0000,0x00000000ff6d0000,0x00000000ffb00000)
 ParOldGen       total 62464K, used 7690K [0x00000000c1800000, 0x00000000c5500000, 0x00000000eb2b0000)
  object space 62464K, 12% used [0x00000000c1800000,0x00000000c1f82bd0,0x00000000c5500000)
 PSPermGen       total 43328K, used 31534K [0x00000000b7200000, 0x00000000b9c50000, 0x00000000c1800000)
  object space 43328K, 72% used [0x00000000b7200000,0x00000000b90cb840,0x00000000b9c50000)
Event: 54,156 GC heap after
Heap after GC invocations=37 (full 13):
 PSYoungGen      total 335872K, used 0K [0x00000000eb2b0000, 0x00000000fff30000, 0x0000000100000000)
  eden space 331904K, 0% used [0x00000000eb2b0000,0x00000000eb2b0000,0x00000000ff6d0000)
  from space 3968K, 0% used [0x00000000ffb50000,0x00000000ffb50000,0x00000000fff30000)
  to   space 4288K, 0% used [0x00000000ff6d0000,0x00000000ff6d0000,0x00000000ffb00000)
 ParOldGen       total 62464K, used 7613K [0x00000000c1800000, 0x00000000c5500000, 0x00000000eb2b0000)
  object space 62464K, 12% used [0x00000000c1800000,0x00000000c1f6f510,0x00000000c5500000)
 PSPermGen       total 41664K, used 31534K [0x00000000b7200000, 0x00000000b9ab0000, 0x00000000c1800000)
  object space 41664K, 75% used [0x00000000b7200000,0x00000000b90cb800,0x00000000b9ab0000)
}
Event: 55,362 GC heap before
{Heap before GC invocations=38 (full 13):
 PSYoungGen      total 335872K, used 331904K [0x00000000eb2b0000, 0x00000000fff30000, 0x0000000100000000)
  eden space 331904K, 100% used [0x00000000eb2b0000,0x00000000ff6d0000,0x00000000ff6d0000)
  from space 3968K, 0% used [0x00000000ffb50000,0x00000000ffb50000,0x00000000fff30000)
  to   space 4288K, 0% used [0x00000000ff6d0000,0x00000000ff6d0000,0x00000000ffb00000)
 ParOldGen       total 62464K, used 7613K [0x00000000c1800000, 0x00000000c5500000, 0x00000000eb2b0000)
  object space 62464K, 12% used [0x00000000c1800000,0x00000000c1f6f510,0x00000000c5500000)
 PSPermGen       total 41664K, used 31535K [0x00000000b7200000, 0x00000000b9ab0000, 0x00000000c1800000)
  object space 41664K, 75% used [0x00000000b7200000,0x00000000b90cbe88,0x00000000b9ab0000)
Event: 55,363 GC heap after
Heap after GC invocations=38 (full 13):
 PSYoungGen      total 336192K, used 576K [0x00000000eb2b0000, 0x00000000fffd0000, 0x0000000100000000)
  eden space 331904K, 0% used [0x00000000eb2b0000,0x00000000eb2b0000,0x00000000ff6d0000)
  from space 4288K, 13% used [0x00000000ff6d0000,0x00000000ff760000,0x00000000ffb00000)
  to   space 4032K, 0% used [0x00000000ffbe0000,0x00000000ffbe0000,0x00000000fffd0000)
 ParOldGen       total 62464K, used 7613K [0x00000000c1800000, 0x00000000c5500000, 0x00000000eb2b0000)
  object space 62464K, 12% used [0x00000000c1800000,0x00000000c1f6f510,0x00000000c5500000)
 PSPermGen       total 41664K, used 31535K [0x00000000b7200000, 0x00000000b9ab0000, 0x00000000c1800000)
  object space 41664K, 75% used [0x00000000b7200000,0x00000000b90cbe88,0x00000000b9ab0000)
}

